<?xml version="1.0" encoding="UTF-8"?>
<testsuite name="com.qwon.springboot.domain.posts.PostsRepositoryTest" tests="2" skipped="0" failures="0" errors="0" timestamp="2020-10-23T04:08:22" hostname="DESKTOP-HL4FOSF" time="0.487">
  <properties/>
  <testcase name="게시글저장_불러오기" classname="com.qwon.springboot.domain.posts.PostsRepositoryTest" time="0.442"/>
  <testcase name="BaseTimeEntity_등록" classname="com.qwon.springboot.domain.posts.PostsRepositoryTest" time="0.045"/>
  <system-out><![CDATA[13:08:09.272 [Test worker] DEBUG org.springframework.test.context.junit4.SpringJUnit4ClassRunner - SpringJUnit4ClassRunner constructor called with [class com.qwon.springboot.domain.posts.PostsRepositoryTest]
13:08:09.287 [Test worker] DEBUG org.springframework.test.context.BootstrapUtils - Instantiating CacheAwareContextLoaderDelegate from class [org.springframework.test.context.cache.DefaultCacheAwareContextLoaderDelegate]
13:08:09.307 [Test worker] DEBUG org.springframework.test.context.BootstrapUtils - Instantiating BootstrapContext using constructor [public org.springframework.test.context.support.DefaultBootstrapContext(java.lang.Class,org.springframework.test.context.CacheAwareContextLoaderDelegate)]
13:08:09.344 [Test worker] DEBUG org.springframework.test.context.BootstrapUtils - Instantiating TestContextBootstrapper for test class [com.qwon.springboot.domain.posts.PostsRepositoryTest] from class [org.springframework.boot.test.context.SpringBootTestContextBootstrapper]
13:08:09.374 [Test worker] INFO org.springframework.boot.test.context.SpringBootTestContextBootstrapper - Neither @ContextConfiguration nor @ContextHierarchy found for test class [com.qwon.springboot.domain.posts.PostsRepositoryTest], using SpringBootContextLoader
13:08:09.381 [Test worker] DEBUG org.springframework.test.context.support.AbstractContextLoader - Did not detect default resource location for test class [com.qwon.springboot.domain.posts.PostsRepositoryTest]: class path resource [com/qwon/springboot/domain/posts/PostsRepositoryTest-context.xml] does not exist
13:08:09.382 [Test worker] DEBUG org.springframework.test.context.support.AbstractContextLoader - Did not detect default resource location for test class [com.qwon.springboot.domain.posts.PostsRepositoryTest]: class path resource [com/qwon/springboot/domain/posts/PostsRepositoryTestContext.groovy] does not exist
13:08:09.382 [Test worker] INFO org.springframework.test.context.support.AbstractContextLoader - Could not detect default resource locations for test class [com.qwon.springboot.domain.posts.PostsRepositoryTest]: no resource found for suffixes {-context.xml, Context.groovy}.
13:08:09.383 [Test worker] INFO org.springframework.test.context.support.AnnotationConfigContextLoaderUtils - Could not detect default configuration classes for test class [com.qwon.springboot.domain.posts.PostsRepositoryTest]: PostsRepositoryTest does not declare any static, non-private, non-final, nested classes annotated with @Configuration.
13:08:09.480 [Test worker] DEBUG org.springframework.test.context.support.ActiveProfilesUtils - Could not find an 'annotation declaring class' for annotation type [org.springframework.test.context.ActiveProfiles] and class [com.qwon.springboot.domain.posts.PostsRepositoryTest]
13:08:09.622 [Test worker] DEBUG org.springframework.context.annotation.ClassPathScanningCandidateComponentProvider - Identified candidate component class: file [C:\Spring\build\classes\java\main\com\qwon\springboot\Application.class]
13:08:09.624 [Test worker] INFO org.springframework.boot.test.context.SpringBootTestContextBootstrapper - Found @SpringBootConfiguration com.qwon.springboot.Application for test class com.qwon.springboot.domain.posts.PostsRepositoryTest
13:08:09.795 [Test worker] DEBUG org.springframework.boot.test.context.SpringBootTestContextBootstrapper - @TestExecutionListeners is not present for class [com.qwon.springboot.domain.posts.PostsRepositoryTest]: using defaults.
13:08:09.797 [Test worker] INFO org.springframework.boot.test.context.SpringBootTestContextBootstrapper - Loaded default TestExecutionListener class names from location [META-INF/spring.factories]: [org.springframework.security.test.context.support.WithSecurityContextTestExecutionListener, org.springframework.security.test.context.support.ReactorContextTestExecutionListener, org.springframework.boot.test.autoconfigure.restdocs.RestDocsTestExecutionListener, org.springframework.boot.test.autoconfigure.web.client.MockRestServiceServerResetTestExecutionListener, org.springframework.boot.test.autoconfigure.web.servlet.MockMvcPrintOnlyOnFailureTestExecutionListener, org.springframework.boot.test.autoconfigure.web.servlet.WebDriverTestExecutionListener, org.springframework.boot.test.mock.mockito.MockitoTestExecutionListener, org.springframework.boot.test.mock.mockito.ResetMocksTestExecutionListener, org.springframework.test.context.web.ServletTestExecutionListener, org.springframework.test.context.support.DirtiesContextBeforeModesTestExecutionListener, org.springframework.test.context.support.DependencyInjectionTestExecutionListener, org.springframework.test.context.support.DirtiesContextTestExecutionListener, org.springframework.test.context.transaction.TransactionalTestExecutionListener, org.springframework.test.context.jdbc.SqlScriptsTestExecutionListener]
13:08:09.837 [Test worker] INFO org.springframework.boot.test.context.SpringBootTestContextBootstrapper - Using TestExecutionListeners: [org.springframework.test.context.web.ServletTestExecutionListener@1e03694c, org.springframework.test.context.support.DirtiesContextBeforeModesTestExecutionListener@21a64fa0, org.springframework.boot.test.mock.mockito.MockitoTestExecutionListener@6cd0f7c0, org.springframework.boot.test.autoconfigure.SpringBootDependencyInjectionTestExecutionListener@93467eb, org.springframework.test.context.support.DirtiesContextTestExecutionListener@cf82688, org.springframework.test.context.transaction.TransactionalTestExecutionListener@1fb0a3f8, org.springframework.test.context.jdbc.SqlScriptsTestExecutionListener@74b53939, org.springframework.security.test.context.support.WithSecurityContextTestExecutionListener@5e14037b, org.springframework.security.test.context.support.ReactorContextTestExecutionListener@1395b257, org.springframework.boot.test.autoconfigure.restdocs.RestDocsTestExecutionListener@9a06cbe, org.springframework.boot.test.autoconfigure.web.client.MockRestServiceServerResetTestExecutionListener@5401e042, org.springframework.boot.test.autoconfigure.web.servlet.MockMvcPrintOnlyOnFailureTestExecutionListener@2a702e62, org.springframework.boot.test.autoconfigure.web.servlet.WebDriverTestExecutionListener@14493671, org.springframework.boot.test.mock.mockito.ResetMocksTestExecutionListener@1e867dda]
13:08:09.845 [Test worker] DEBUG org.springframework.test.annotation.ProfileValueUtils - Retrieved @ProfileValueSourceConfiguration [null] for test class [com.qwon.springboot.domain.posts.PostsRepositoryTest]
13:08:09.846 [Test worker] DEBUG org.springframework.test.annotation.ProfileValueUtils - Retrieved ProfileValueSource type [class org.springframework.test.annotation.SystemProfileValueSource] for class [com.qwon.springboot.domain.posts.PostsRepositoryTest]
13:08:09.847 [Test worker] DEBUG org.springframework.test.annotation.ProfileValueUtils - Retrieved @ProfileValueSourceConfiguration [null] for test class [com.qwon.springboot.domain.posts.PostsRepositoryTest]
13:08:09.848 [Test worker] DEBUG org.springframework.test.annotation.ProfileValueUtils - Retrieved ProfileValueSource type [class org.springframework.test.annotation.SystemProfileValueSource] for class [com.qwon.springboot.domain.posts.PostsRepositoryTest]
13:08:09.857 [Test worker] DEBUG org.springframework.test.context.support.AbstractDirtiesContextTestExecutionListener - Before test class: context [DefaultTestContext@14a802b testClass = PostsRepositoryTest, testInstance = [null], testMethod = [null], testException = [null], mergedContextConfiguration = [WebMergedContextConfiguration@97da361 testClass = PostsRepositoryTest, locations = '{}', classes = '{class com.qwon.springboot.Application}', contextInitializerClasses = '[]', activeProfiles = '{}', propertySourceLocations = '{}', propertySourceProperties = '{org.springframework.boot.test.context.SpringBootTestContextBootstrapper=true}', contextCustomizers = set[org.springframework.boot.test.autoconfigure.properties.PropertyMappingContextCustomizer@0, org.springframework.boot.test.autoconfigure.web.servlet.WebDriverContextCustomizerFactory$Customizer@7ae2de2, org.springframework.boot.test.context.filter.ExcludeFilterContextCustomizer@7516779b, org.springframework.boot.test.json.DuplicateJsonObjectContextCustomizerFactory$DuplicateJsonObjectContextCustomizer@3f160d96, org.springframework.boot.test.mock.mockito.MockitoContextCustomizer@0, org.springframework.boot.test.web.client.TestRestTemplateContextCustomizer@4bf3fd70], resourceBasePath = 'src/main/webapp', contextLoader = 'org.springframework.boot.test.context.SpringBootContextLoader', parent = [null]], attributes = map['org.springframework.test.context.web.ServletTestExecutionListener.activateListener' -> true]], class annotated with @DirtiesContext [false] with mode [null].
13:08:09.858 [Test worker] DEBUG org.springframework.test.annotation.ProfileValueUtils - Retrieved @ProfileValueSourceConfiguration [null] for test class [com.qwon.springboot.domain.posts.PostsRepositoryTest]
13:08:09.859 [Test worker] DEBUG org.springframework.test.annotation.ProfileValueUtils - Retrieved ProfileValueSource type [class org.springframework.test.annotation.SystemProfileValueSource] for class [com.qwon.springboot.domain.posts.PostsRepositoryTest]
13:08:09.907 [Test worker] DEBUG org.springframework.test.context.support.TestPropertySourceUtils - Adding inlined properties to environment: {spring.jmx.enabled=false, org.springframework.boot.test.context.SpringBootTestContextBootstrapper=true, server.port=-1}

  .   ____          _            __ _ _
 /\\ / ___'_ __ _ _(_)_ __  __ _ \ \ \ \
( ( )\___ | '_ | '_| | '_ \/ _` | \ \ \ \
 \\/  ___)| |_)| | | | | || (_| |  ) ) ) )
  '  |____| .__|_| |_|_| |_\__, | / / / /
 =========|_|==============|___/=/_/_/_/
 :: Spring Boot ::        (v2.1.7.RELEASE)

2020-10-23 13:08:10.398  INFO 16812 --- [    Test worker] c.q.s.domain.posts.PostsRepositoryTest   : Starting PostsRepositoryTest on DESKTOP-HL4FOSF with PID 16812 (started by rbdnj in C:\Spring)
2020-10-23 13:08:10.400  INFO 16812 --- [    Test worker] c.q.s.domain.posts.PostsRepositoryTest   : No active profile set, falling back to default profiles: default
2020-10-23 13:08:12.742  INFO 16812 --- [    Test worker] .s.d.r.c.RepositoryConfigurationDelegate : Bootstrapping Spring Data repositories in DEFAULT mode.
2020-10-23 13:08:12.888  INFO 16812 --- [    Test worker] .s.d.r.c.RepositoryConfigurationDelegate : Finished Spring Data repository scanning in 128ms. Found 2 repository interfaces.
2020-10-23 13:08:13.740  INFO 16812 --- [    Test worker] trationDelegate$BeanPostProcessorChecker : Bean 'org.springframework.transaction.annotation.ProxyTransactionManagementConfiguration' of type [org.springframework.transaction.annotation.ProxyTransactionManagementConfiguration$$EnhancerBySpringCGLIB$$884f3027] is not eligible for getting processed by all BeanPostProcessors (for example: not eligible for auto-proxying)
2020-10-23 13:08:14.180  INFO 16812 --- [    Test worker] com.zaxxer.hikari.HikariDataSource       : HikariPool-1 - Starting...
2020-10-23 13:08:14.530  INFO 16812 --- [    Test worker] com.zaxxer.hikari.HikariDataSource       : HikariPool-1 - Start completed.
2020-10-23 13:08:14.841  INFO 16812 --- [    Test worker] o.hibernate.jpa.internal.util.LogHelper  : HHH000204: Processing PersistenceUnitInfo [
	name: default
	...]
2020-10-23 13:08:15.081  INFO 16812 --- [    Test worker] org.hibernate.Version                    : HHH000412: Hibernate Core {5.3.10.Final}
2020-10-23 13:08:15.085  INFO 16812 --- [    Test worker] org.hibernate.cfg.Environment            : HHH000206: hibernate.properties not found
2020-10-23 13:08:15.589  INFO 16812 --- [    Test worker] o.hibernate.annotations.common.Version   : HCANN000001: Hibernate Commons Annotations {5.0.4.Final}
2020-10-23 13:08:15.974  INFO 16812 --- [    Test worker] org.hibernate.dialect.Dialect            : HHH000400: Using dialect: org.hibernate.dialect.MySQL5InnoDBDialect
Hibernate: drop table if exists posts
Hibernate: drop table if exists user
Hibernate: create table posts (id bigint not null auto_increment, created_date datetime, modified_date datetime, author varchar(255), content TEXT not null, title varchar(500) not null, primary key (id)) engine=InnoDB
Hibernate: create table user (id bigint not null auto_increment, created_date datetime, modified_date datetime, email varchar(255) not null, name varchar(255) not null, picture varchar(255), role varchar(255) not null, primary key (id)) engine=InnoDB
2020-10-23 13:08:17.519  INFO 16812 --- [    Test worker] o.h.t.schema.internal.SchemaCreatorImpl  : HHH000476: Executing import script 'org.hibernate.tool.schema.internal.exec.ScriptSourceInputNonExistentImpl@5816dceb'
2020-10-23 13:08:17.524  INFO 16812 --- [    Test worker] j.LocalContainerEntityManagerFactoryBean : Initialized JPA EntityManagerFactory for persistence unit 'default'
2020-10-23 13:08:19.107  INFO 16812 --- [    Test worker] o.h.h.i.QueryTranslatorFactoryInitiator  : HHH000397: Using ASTQueryTranslatorFactory
2020-10-23 13:08:20.208  INFO 16812 --- [    Test worker] o.s.s.web.DefaultSecurityFilterChain     : Creating filter chain: any request, [org.springframework.security.web.context.request.async.WebAsyncManagerIntegrationFilter@3c402903, org.springframework.security.web.context.SecurityContextPersistenceFilter@11b4a94a, org.springframework.security.web.header.HeaderWriterFilter@112b3f33, org.springframework.security.web.authentication.logout.LogoutFilter@41f702e0, org.springframework.security.oauth2.client.web.OAuth2AuthorizationRequestRedirectFilter@e022b44, org.springframework.security.oauth2.client.web.OAuth2LoginAuthenticationFilter@338032e8, org.springframework.security.web.authentication.ui.DefaultLoginPageGeneratingFilter@324a873b, org.springframework.security.web.authentication.ui.DefaultLogoutPageGeneratingFilter@6e3e3fb9, org.springframework.security.web.savedrequest.RequestCacheAwareFilter@10e64240, org.springframework.security.web.servletapi.SecurityContextHolderAwareRequestFilter@26a31564, org.springframework.security.web.authentication.AnonymousAuthenticationFilter@168abd6b, org.springframework.security.web.session.SessionManagementFilter@4147f17a, org.springframework.security.web.access.ExceptionTranslationFilter@4a95c2b5, org.springframework.security.web.access.intercept.FilterSecurityInterceptor@3adf487a]
2020-10-23 13:08:21.167  INFO 16812 --- [    Test worker] o.s.s.concurrent.ThreadPoolTaskExecutor  : Initializing ExecutorService 'applicationTaskExecutor'
2020-10-23 13:08:21.285  WARN 16812 --- [    Test worker] aWebConfiguration$JpaWebMvcConfiguration : spring.jpa.open-in-view is enabled by default. Therefore, database queries may be performed during view rendering. Explicitly configure spring.jpa.open-in-view to disable this warning
2020-10-23 13:08:21.388  INFO 16812 --- [    Test worker] o.s.b.a.w.s.WelcomePageHandlerMapping    : Adding welcome page template: index
2020-10-23 13:08:22.322  INFO 16812 --- [    Test worker] s.a.ScheduledAnnotationBeanPostProcessor : No TaskScheduler/ScheduledExecutorService bean found for scheduled processing
2020-10-23 13:08:22.339  INFO 16812 --- [    Test worker] c.q.s.domain.posts.PostsRepositoryTest   : Started PostsRepositoryTest in 12.404 seconds (JVM running for 15.184)
Hibernate: insert into posts (created_date, modified_date, author, content, title) values (?, ?, ?, ?, ?)
Hibernate: select posts0_.id as id1_0_, posts0_.created_date as created_2_0_, posts0_.modified_date as modified3_0_, posts0_.author as author4_0_, posts0_.content as content5_0_, posts0_.title as title6_0_ from posts posts0_
Hibernate: select posts0_.id as id1_0_, posts0_.created_date as created_2_0_, posts0_.modified_date as modified3_0_, posts0_.author as author4_0_, posts0_.content as content5_0_, posts0_.title as title6_0_ from posts posts0_
Hibernate: delete from posts where id=?
Hibernate: insert into posts (created_date, modified_date, author, content, title) values (?, ?, ?, ?, ?)
Hibernate: select posts0_.id as id1_0_, posts0_.created_date as created_2_0_, posts0_.modified_date as modified3_0_, posts0_.author as author4_0_, posts0_.content as content5_0_, posts0_.title as title6_0_ from posts posts0_
>>>>>>>>>> createDate=2020-10-23T13:08:22.816,modifiedDate=2020-10-23T13:08:22.816
Hibernate: select posts0_.id as id1_0_, posts0_.created_date as created_2_0_, posts0_.modified_date as modified3_0_, posts0_.author as author4_0_, posts0_.content as content5_0_, posts0_.title as title6_0_ from posts posts0_
Hibernate: delete from posts where id=?
]]></system-out>
  <system-err><![CDATA[]]></system-err>
</testsuite>
