<?xml version="1.0" encoding="UTF-8"?>
<testsuite name="com.qwon.springboot.web.HelloControllerTest" tests="2" skipped="0" failures="0" errors="0" timestamp="2020-10-24T02:57:51" hostname="DESKTOP-HL4FOSF" time="0.367">
  <properties/>
  <testcase name="hello가_리턴된다" classname="com.qwon.springboot.web.HelloControllerTest" time="0.188"/>
  <testcase name="helloDto가_리턴된다" classname="com.qwon.springboot.web.HelloControllerTest" time="0.156"/>
  <system-out><![CDATA[2020-10-24 11:57:49.117  INFO 15692 --- [    Test worker] .b.t.a.w.s.WebMvcTestContextBootstrapper : Neither @ContextConfiguration nor @ContextHierarchy found for test class [com.qwon.springboot.web.HelloControllerTest], using SpringBootContextLoader
2020-10-24 11:57:49.119  INFO 15692 --- [    Test worker] o.s.t.c.support.AbstractContextLoader    : Could not detect default resource locations for test class [com.qwon.springboot.web.HelloControllerTest]: no resource found for suffixes {-context.xml, Context.groovy}.
2020-10-24 11:57:49.120  INFO 15692 --- [    Test worker] t.c.s.AnnotationConfigContextLoaderUtils : Could not detect default configuration classes for test class [com.qwon.springboot.web.HelloControllerTest]: HelloControllerTest does not declare any static, non-private, non-final, nested classes annotated with @Configuration.
2020-10-24 11:57:49.195  INFO 15692 --- [    Test worker] .b.t.c.SpringBootTestContextBootstrapper : Found @SpringBootConfiguration com.qwon.springboot.Application for test class com.qwon.springboot.web.HelloControllerTest
2020-10-24 11:57:49.196  INFO 15692 --- [    Test worker] .b.t.a.w.s.WebMvcTestContextBootstrapper : Loaded default TestExecutionListener class names from location [META-INF/spring.factories]: [org.springframework.security.test.context.support.WithSecurityContextTestExecutionListener, org.springframework.security.test.context.support.ReactorContextTestExecutionListener, org.springframework.boot.test.autoconfigure.restdocs.RestDocsTestExecutionListener, org.springframework.boot.test.autoconfigure.web.client.MockRestServiceServerResetTestExecutionListener, org.springframework.boot.test.autoconfigure.web.servlet.MockMvcPrintOnlyOnFailureTestExecutionListener, org.springframework.boot.test.autoconfigure.web.servlet.WebDriverTestExecutionListener, org.springframework.boot.test.mock.mockito.MockitoTestExecutionListener, org.springframework.boot.test.mock.mockito.ResetMocksTestExecutionListener, org.springframework.test.context.web.ServletTestExecutionListener, org.springframework.test.context.support.DirtiesContextBeforeModesTestExecutionListener, org.springframework.test.context.support.DependencyInjectionTestExecutionListener, org.springframework.test.context.support.DirtiesContextTestExecutionListener, org.springframework.test.context.transaction.TransactionalTestExecutionListener, org.springframework.test.context.jdbc.SqlScriptsTestExecutionListener]
2020-10-24 11:57:49.197  INFO 15692 --- [    Test worker] .b.t.a.w.s.WebMvcTestContextBootstrapper : Using TestExecutionListeners: [org.springframework.test.context.web.ServletTestExecutionListener@1e21e0af, org.springframework.test.context.support.DirtiesContextBeforeModesTestExecutionListener@b2e2909, org.springframework.boot.test.mock.mockito.MockitoTestExecutionListener@40c2ba22, org.springframework.boot.test.autoconfigure.SpringBootDependencyInjectionTestExecutionListener@74952cb2, org.springframework.test.context.support.DirtiesContextTestExecutionListener@65a09e17, org.springframework.test.context.transaction.TransactionalTestExecutionListener@1f3c95cb, org.springframework.test.context.jdbc.SqlScriptsTestExecutionListener@4afa3fa4, org.springframework.security.test.context.support.WithSecurityContextTestExecutionListener@17d77af5, org.springframework.security.test.context.support.ReactorContextTestExecutionListener@76e61e3e, org.springframework.boot.test.autoconfigure.restdocs.RestDocsTestExecutionListener@d0f5fe4, org.springframework.boot.test.autoconfigure.web.client.MockRestServiceServerResetTestExecutionListener@169356fe, org.springframework.boot.test.autoconfigure.web.servlet.MockMvcPrintOnlyOnFailureTestExecutionListener@3abf860b, org.springframework.boot.test.autoconfigure.web.servlet.WebDriverTestExecutionListener@7c6e788c, org.springframework.boot.test.mock.mockito.ResetMocksTestExecutionListener@b69e89a]

  .   ____          _            __ _ _
 /\\ / ___'_ __ _ _(_)_ __  __ _ \ \ \ \
( ( )\___ | '_ | '_| | '_ \/ _` | \ \ \ \
 \\/  ___)| |_)| | | | | || (_| |  ) ) ) )
  '  |____| .__|_| |_|_| |_\__, | / / / /
 =========|_|==============|___/=/_/_/_/
 :: Spring Boot ::        (v2.1.9.RELEASE)

2020-10-24 11:57:49.304  INFO 15692 --- [    Test worker] c.q.springboot.web.HelloControllerTest   : Starting HelloControllerTest on DESKTOP-HL4FOSF with PID 15692 (started by rbdnj in C:\Spring)
2020-10-24 11:57:49.309  INFO 15692 --- [    Test worker] c.q.springboot.web.HelloControllerTest   : No active profile set, falling back to default profiles: default
2020-10-24 11:57:50.203  INFO 15692 --- [    Test worker] o.s.s.concurrent.ThreadPoolTaskExecutor  : Initializing ExecutorService 'applicationTaskExecutor'
2020-10-24 11:57:50.270  INFO 15692 --- [    Test worker] o.s.b.a.w.s.WelcomePageHandlerMapping    : Adding welcome page template: index
2020-10-24 11:57:50.763  INFO 15692 --- [    Test worker] .s.s.UserDetailsServiceAutoConfiguration : 

Using generated security password: a6ad7e7a-64ec-4241-a863-3cb06f831431

2020-10-24 11:57:51.077  INFO 15692 --- [    Test worker] o.s.s.web.DefaultSecurityFilterChain     : Creating filter chain: any request, [org.springframework.security.web.context.request.async.WebAsyncManagerIntegrationFilter@312bf7e, org.springframework.security.web.context.SecurityContextPersistenceFilter@64f0a7c8, org.springframework.security.web.header.HeaderWriterFilter@2bb8dd4b, org.springframework.security.web.csrf.CsrfFilter@3248d136, org.springframework.security.web.authentication.logout.LogoutFilter@21b8c7bd, org.springframework.security.web.authentication.UsernamePasswordAuthenticationFilter@5c1a46de, org.springframework.security.web.authentication.ui.DefaultLoginPageGeneratingFilter@538f8a66, org.springframework.security.web.authentication.ui.DefaultLogoutPageGeneratingFilter@15f48be1, org.springframework.security.web.authentication.www.BasicAuthenticationFilter@30b78113, org.springframework.security.web.savedrequest.RequestCacheAwareFilter@a4aae54, org.springframework.security.web.servletapi.SecurityContextHolderAwareRequestFilter@677578d3, org.springframework.security.web.authentication.AnonymousAuthenticationFilter@19c72f55, org.springframework.security.web.session.SessionManagementFilter@5f8d686b, org.springframework.security.web.access.ExceptionTranslationFilter@3c9a49d3, org.springframework.security.web.access.intercept.FilterSecurityInterceptor@f282378]
2020-10-24 11:57:51.134  INFO 15692 --- [    Test worker] o.s.b.t.m.w.SpringBootMockServletContext : Initializing Spring TestDispatcherServlet ''
2020-10-24 11:57:51.135  INFO 15692 --- [    Test worker] o.s.t.web.servlet.TestDispatcherServlet  : Initializing Servlet ''
2020-10-24 11:57:51.160  INFO 15692 --- [    Test worker] o.s.t.web.servlet.TestDispatcherServlet  : Completed initialization in 25 ms
2020-10-24 11:57:51.244  INFO 15692 --- [    Test worker] c.q.springboot.web.HelloControllerTest   : Started HelloControllerTest in 2.041 seconds (JVM running for 17.106)
]]></system-out>
  <system-err><![CDATA[]]></system-err>
</testsuite>
