<?xml version="1.0" encoding="UTF-8"?>
<testsuite name="com.qwon.springboot.web.HelloControllerTest" tests="2" skipped="0" failures="0" errors="0" timestamp="2020-10-23T04:08:24" hostname="DESKTOP-HL4FOSF" time="0.248">
  <properties/>
  <testcase name="hello가_리턴된다" classname="com.qwon.springboot.web.HelloControllerTest" time="0.118"/>
  <testcase name="helloDto가_리턴된다" classname="com.qwon.springboot.web.HelloControllerTest" time="0.129"/>
  <system-out><![CDATA[2020-10-23 13:08:22.913  INFO 16812 --- [    Test worker] .b.t.a.w.s.WebMvcTestContextBootstrapper : Neither @ContextConfiguration nor @ContextHierarchy found for test class [com.qwon.springboot.web.HelloControllerTest], using SpringBootContextLoader
2020-10-23 13:08:22.915  INFO 16812 --- [    Test worker] o.s.t.c.support.AbstractContextLoader    : Could not detect default resource locations for test class [com.qwon.springboot.web.HelloControllerTest]: no resource found for suffixes {-context.xml, Context.groovy}.
2020-10-23 13:08:22.915  INFO 16812 --- [    Test worker] t.c.s.AnnotationConfigContextLoaderUtils : Could not detect default configuration classes for test class [com.qwon.springboot.web.HelloControllerTest]: HelloControllerTest does not declare any static, non-private, non-final, nested classes annotated with @Configuration.
2020-10-23 13:08:22.976  INFO 16812 --- [    Test worker] .b.t.c.SpringBootTestContextBootstrapper : Found @SpringBootConfiguration com.qwon.springboot.Application for test class com.qwon.springboot.web.HelloControllerTest
2020-10-23 13:08:22.977  INFO 16812 --- [    Test worker] .b.t.a.w.s.WebMvcTestContextBootstrapper : Loaded default TestExecutionListener class names from location [META-INF/spring.factories]: [org.springframework.security.test.context.support.WithSecurityContextTestExecutionListener, org.springframework.security.test.context.support.ReactorContextTestExecutionListener, org.springframework.boot.test.autoconfigure.restdocs.RestDocsTestExecutionListener, org.springframework.boot.test.autoconfigure.web.client.MockRestServiceServerResetTestExecutionListener, org.springframework.boot.test.autoconfigure.web.servlet.MockMvcPrintOnlyOnFailureTestExecutionListener, org.springframework.boot.test.autoconfigure.web.servlet.WebDriverTestExecutionListener, org.springframework.boot.test.mock.mockito.MockitoTestExecutionListener, org.springframework.boot.test.mock.mockito.ResetMocksTestExecutionListener, org.springframework.test.context.web.ServletTestExecutionListener, org.springframework.test.context.support.DirtiesContextBeforeModesTestExecutionListener, org.springframework.test.context.support.DependencyInjectionTestExecutionListener, org.springframework.test.context.support.DirtiesContextTestExecutionListener, org.springframework.test.context.transaction.TransactionalTestExecutionListener, org.springframework.test.context.jdbc.SqlScriptsTestExecutionListener]
2020-10-23 13:08:22.978  INFO 16812 --- [    Test worker] .b.t.a.w.s.WebMvcTestContextBootstrapper : Using TestExecutionListeners: [org.springframework.test.context.web.ServletTestExecutionListener@380a4470, org.springframework.test.context.support.DirtiesContextBeforeModesTestExecutionListener@b189b9f, org.springframework.boot.test.mock.mockito.MockitoTestExecutionListener@709563d9, org.springframework.boot.test.autoconfigure.SpringBootDependencyInjectionTestExecutionListener@2f64a360, org.springframework.test.context.support.DirtiesContextTestExecutionListener@45274b38, org.springframework.test.context.transaction.TransactionalTestExecutionListener@a2ce460, org.springframework.test.context.jdbc.SqlScriptsTestExecutionListener@517cd557, org.springframework.security.test.context.support.WithSecurityContextTestExecutionListener@5b0903bb, org.springframework.security.test.context.support.ReactorContextTestExecutionListener@2408fd69, org.springframework.boot.test.autoconfigure.restdocs.RestDocsTestExecutionListener@49ea126c, org.springframework.boot.test.autoconfigure.web.client.MockRestServiceServerResetTestExecutionListener@7e8bb06b, org.springframework.boot.test.autoconfigure.web.servlet.MockMvcPrintOnlyOnFailureTestExecutionListener@6d8c70da, org.springframework.boot.test.autoconfigure.web.servlet.WebDriverTestExecutionListener@e0c2bb7, org.springframework.boot.test.mock.mockito.ResetMocksTestExecutionListener@17ec2168]

  .   ____          _            __ _ _
 /\\ / ___'_ __ _ _(_)_ __  __ _ \ \ \ \
( ( )\___ | '_ | '_| | '_ \/ _` | \ \ \ \
 \\/  ___)| |_)| | | | | || (_| |  ) ) ) )
  '  |____| .__|_| |_|_| |_\__, | / / / /
 =========|_|==============|___/=/_/_/_/
 :: Spring Boot ::        (v2.1.7.RELEASE)

2020-10-23 13:08:23.085  INFO 16812 --- [    Test worker] c.q.springboot.web.HelloControllerTest   : Starting HelloControllerTest on DESKTOP-HL4FOSF with PID 16812 (started by rbdnj in C:\Spring)
2020-10-23 13:08:23.088  INFO 16812 --- [    Test worker] c.q.springboot.web.HelloControllerTest   : No active profile set, falling back to default profiles: default
2020-10-23 13:08:23.740  INFO 16812 --- [    Test worker] o.s.s.concurrent.ThreadPoolTaskExecutor  : Initializing ExecutorService 'applicationTaskExecutor'
2020-10-23 13:08:23.792  INFO 16812 --- [    Test worker] o.s.b.a.w.s.WelcomePageHandlerMapping    : Adding welcome page template: index
2020-10-23 13:08:24.116  INFO 16812 --- [    Test worker] .s.s.UserDetailsServiceAutoConfiguration : 

Using generated security password: 45c570e6-61b4-40fe-9c11-8ae7fe142ba6

2020-10-23 13:08:24.289  INFO 16812 --- [    Test worker] o.s.s.web.DefaultSecurityFilterChain     : Creating filter chain: any request, [org.springframework.security.web.context.request.async.WebAsyncManagerIntegrationFilter@76c9444c, org.springframework.security.web.context.SecurityContextPersistenceFilter@4a195f97, org.springframework.security.web.header.HeaderWriterFilter@3b8ec68f, org.springframework.security.web.csrf.CsrfFilter@7d4eb908, org.springframework.security.web.authentication.logout.LogoutFilter@e504a6a, org.springframework.security.web.authentication.UsernamePasswordAuthenticationFilter@7d0c7d6a, org.springframework.security.web.authentication.ui.DefaultLoginPageGeneratingFilter@7b96baf3, org.springframework.security.web.authentication.ui.DefaultLogoutPageGeneratingFilter@55ae9485, org.springframework.security.web.authentication.www.BasicAuthenticationFilter@1f6d807f, org.springframework.security.web.savedrequest.RequestCacheAwareFilter@a781b5, org.springframework.security.web.servletapi.SecurityContextHolderAwareRequestFilter@4d508590, org.springframework.security.web.authentication.AnonymousAuthenticationFilter@26b39837, org.springframework.security.web.session.SessionManagementFilter@3300be0f, org.springframework.security.web.access.ExceptionTranslationFilter@1b6a23d2, org.springframework.security.web.access.intercept.FilterSecurityInterceptor@44a9c93e]
2020-10-23 13:08:24.344  INFO 16812 --- [    Test worker] o.s.b.t.m.w.SpringBootMockServletContext : Initializing Spring TestDispatcherServlet ''
2020-10-23 13:08:24.344  INFO 16812 --- [    Test worker] o.s.t.web.servlet.TestDispatcherServlet  : Initializing Servlet ''
2020-10-23 13:08:24.375  INFO 16812 --- [    Test worker] o.s.t.web.servlet.TestDispatcherServlet  : Completed initialization in 31 ms
2020-10-23 13:08:24.435  INFO 16812 --- [    Test worker] c.q.springboot.web.HelloControllerTest   : Started HelloControllerTest in 1.41 seconds (JVM running for 17.281)
]]></system-out>
  <system-err><![CDATA[]]></system-err>
</testsuite>
