<?xml version="1.0" encoding="UTF-8"?>
<testsuite name="com.qwon.springboot.web.HelloControllerTest" tests="2" skipped="0" failures="0" errors="0" timestamp="2020-10-26T05:11:09" hostname="DESKTOP-HL4FOSF" time="0.288">
  <properties/>
  <testcase name="hello가_리턴된다" classname="com.qwon.springboot.web.HelloControllerTest" time="0.126"/>
  <testcase name="helloDto가_리턴된다" classname="com.qwon.springboot.web.HelloControllerTest" time="0.161"/>
  <system-out><![CDATA[2020-10-26 14:11:07.769  INFO 14976 --- [    Test worker] .b.t.a.w.s.WebMvcTestContextBootstrapper : Neither @ContextConfiguration nor @ContextHierarchy found for test class [com.qwon.springboot.web.HelloControllerTest], using SpringBootContextLoader
2020-10-26 14:11:07.771  INFO 14976 --- [    Test worker] o.s.t.c.support.AbstractContextLoader    : Could not detect default resource locations for test class [com.qwon.springboot.web.HelloControllerTest]: no resource found for suffixes {-context.xml, Context.groovy}.
2020-10-26 14:11:07.772  INFO 14976 --- [    Test worker] t.c.s.AnnotationConfigContextLoaderUtils : Could not detect default configuration classes for test class [com.qwon.springboot.web.HelloControllerTest]: HelloControllerTest does not declare any static, non-private, non-final, nested classes annotated with @Configuration.
2020-10-26 14:11:07.867  INFO 14976 --- [    Test worker] .b.t.c.SpringBootTestContextBootstrapper : Found @SpringBootConfiguration com.qwon.springboot.Application for test class com.qwon.springboot.web.HelloControllerTest
2020-10-26 14:11:07.876  INFO 14976 --- [    Test worker] .b.t.a.w.s.WebMvcTestContextBootstrapper : Loaded default TestExecutionListener class names from location [META-INF/spring.factories]: [org.springframework.security.test.context.support.WithSecurityContextTestExecutionListener, org.springframework.security.test.context.support.ReactorContextTestExecutionListener, org.springframework.boot.test.autoconfigure.restdocs.RestDocsTestExecutionListener, org.springframework.boot.test.autoconfigure.web.client.MockRestServiceServerResetTestExecutionListener, org.springframework.boot.test.autoconfigure.web.servlet.MockMvcPrintOnlyOnFailureTestExecutionListener, org.springframework.boot.test.autoconfigure.web.servlet.WebDriverTestExecutionListener, org.springframework.boot.test.mock.mockito.MockitoTestExecutionListener, org.springframework.boot.test.mock.mockito.ResetMocksTestExecutionListener, org.springframework.test.context.web.ServletTestExecutionListener, org.springframework.test.context.support.DirtiesContextBeforeModesTestExecutionListener, org.springframework.test.context.support.DependencyInjectionTestExecutionListener, org.springframework.test.context.support.DirtiesContextTestExecutionListener, org.springframework.test.context.transaction.TransactionalTestExecutionListener, org.springframework.test.context.jdbc.SqlScriptsTestExecutionListener]
2020-10-26 14:11:07.922  INFO 14976 --- [    Test worker] .b.t.a.w.s.WebMvcTestContextBootstrapper : Using TestExecutionListeners: [org.springframework.test.context.web.ServletTestExecutionListener@4b9bc032, org.springframework.test.context.support.DirtiesContextBeforeModesTestExecutionListener@284c7d6b, org.springframework.boot.test.mock.mockito.MockitoTestExecutionListener@56cc45e5, org.springframework.boot.test.autoconfigure.SpringBootDependencyInjectionTestExecutionListener@1e21e0af, org.springframework.test.context.support.DirtiesContextTestExecutionListener@b2e2909, org.springframework.test.context.transaction.TransactionalTestExecutionListener@40c2ba22, org.springframework.test.context.jdbc.SqlScriptsTestExecutionListener@74952cb2, org.springframework.security.test.context.support.WithSecurityContextTestExecutionListener@65a09e17, org.springframework.security.test.context.support.ReactorContextTestExecutionListener@1f3c95cb, org.springframework.boot.test.autoconfigure.restdocs.RestDocsTestExecutionListener@4afa3fa4, org.springframework.boot.test.autoconfigure.web.client.MockRestServiceServerResetTestExecutionListener@17d77af5, org.springframework.boot.test.autoconfigure.web.servlet.MockMvcPrintOnlyOnFailureTestExecutionListener@76e61e3e, org.springframework.boot.test.autoconfigure.web.servlet.WebDriverTestExecutionListener@d0f5fe4, org.springframework.boot.test.mock.mockito.ResetMocksTestExecutionListener@169356fe]

  .   ____          _            __ _ _
 /\\ / ___'_ __ _ _(_)_ __  __ _ \ \ \ \
( ( )\___ | '_ | '_| | '_ \/ _` | \ \ \ \
 \\/  ___)| |_)| | | | | || (_| |  ) ) ) )
  '  |____| .__|_| |_|_| |_\__, | / / / /
 =========|_|==============|___/=/_/_/_/
 :: Spring Boot ::        (v2.1.9.RELEASE)

2020-10-26 14:11:08.041  INFO 14976 --- [    Test worker] c.q.springboot.web.HelloControllerTest   : Starting HelloControllerTest on DESKTOP-HL4FOSF with PID 14976 (started by rbdnj in C:\Spring)
2020-10-26 14:11:08.047  INFO 14976 --- [    Test worker] c.q.springboot.web.HelloControllerTest   : No active profile set, falling back to default profiles: default
2020-10-26 14:11:08.817  INFO 14976 --- [    Test worker] o.s.s.concurrent.ThreadPoolTaskExecutor  : Initializing ExecutorService 'applicationTaskExecutor'
2020-10-26 14:11:08.905  INFO 14976 --- [    Test worker] o.s.b.a.w.s.WelcomePageHandlerMapping    : Adding welcome page template: index
2020-10-26 14:11:09.224  INFO 14976 --- [    Test worker] .s.s.UserDetailsServiceAutoConfiguration : 

Using generated security password: d45d5717-5331-4bdb-a413-21650f2440c0

2020-10-26 14:11:09.504  INFO 14976 --- [    Test worker] o.s.s.web.DefaultSecurityFilterChain     : Creating filter chain: any request, [org.springframework.security.web.context.request.async.WebAsyncManagerIntegrationFilter@15f48be1, org.springframework.security.web.context.SecurityContextPersistenceFilter@a4aae54, org.springframework.security.web.header.HeaderWriterFilter@5f8d686b, org.springframework.security.web.csrf.CsrfFilter@3b5002d0, org.springframework.security.web.authentication.logout.LogoutFilter@e4ba556, org.springframework.security.web.authentication.UsernamePasswordAuthenticationFilter@4c393ac7, org.springframework.security.web.authentication.ui.DefaultLoginPageGeneratingFilter@32a0a938, org.springframework.security.web.authentication.ui.DefaultLogoutPageGeneratingFilter@19c72f55, org.springframework.security.web.authentication.www.BasicAuthenticationFilter@355d6ac0, org.springframework.security.web.savedrequest.RequestCacheAwareFilter@677578d3, org.springframework.security.web.servletapi.SecurityContextHolderAwareRequestFilter@538f8a66, org.springframework.security.web.authentication.AnonymousAuthenticationFilter@47125dc7, org.springframework.security.web.session.SessionManagementFilter@64f0a7c8, org.springframework.security.web.access.ExceptionTranslationFilter@2bb8dd4b, org.springframework.security.web.access.intercept.FilterSecurityInterceptor@5c1a46de]
2020-10-26 14:11:09.578  INFO 14976 --- [    Test worker] o.s.b.t.m.w.SpringBootMockServletContext : Initializing Spring TestDispatcherServlet ''
2020-10-26 14:11:09.581  INFO 14976 --- [    Test worker] o.s.t.web.servlet.TestDispatcherServlet  : Initializing Servlet ''
2020-10-26 14:11:09.611  INFO 14976 --- [    Test worker] o.s.t.web.servlet.TestDispatcherServlet  : Completed initialization in 29 ms
2020-10-26 14:11:09.738  INFO 14976 --- [    Test worker] c.q.springboot.web.HelloControllerTest   : Started HelloControllerTest in 1.809 seconds (JVM running for 15.052)
]]></system-out>
  <system-err><![CDATA[]]></system-err>
</testsuite>
