<?xml version="1.0" encoding="UTF-8"?>
<testsuite name="com.qwon.springboot.web.HelloControllerTest" tests="2" skipped="0" failures="0" errors="0" timestamp="2020-10-22T03:48:02" hostname="DESKTOP-HL4FOSF" time="0.229">
  <properties/>
  <testcase name="hello가_리턴된다" classname="com.qwon.springboot.web.HelloControllerTest" time="0.11"/>
  <testcase name="helloDto가_리턴된다" classname="com.qwon.springboot.web.HelloControllerTest" time="0.119"/>
  <system-out><![CDATA[2020-10-22 12:48:00.705  INFO 4908 --- [    Test worker] .b.t.a.w.s.WebMvcTestContextBootstrapper : Neither @ContextConfiguration nor @ContextHierarchy found for test class [com.qwon.springboot.web.HelloControllerTest], using SpringBootContextLoader
2020-10-22 12:48:00.709  INFO 4908 --- [    Test worker] o.s.t.c.support.AbstractContextLoader    : Could not detect default resource locations for test class [com.qwon.springboot.web.HelloControllerTest]: no resource found for suffixes {-context.xml, Context.groovy}.
2020-10-22 12:48:00.710  INFO 4908 --- [    Test worker] t.c.s.AnnotationConfigContextLoaderUtils : Could not detect default configuration classes for test class [com.qwon.springboot.web.HelloControllerTest]: HelloControllerTest does not declare any static, non-private, non-final, nested classes annotated with @Configuration.
2020-10-22 12:48:00.798  INFO 4908 --- [    Test worker] .b.t.c.SpringBootTestContextBootstrapper : Found @SpringBootConfiguration com.qwon.springboot.Application for test class com.qwon.springboot.web.HelloControllerTest
2020-10-22 12:48:00.803  INFO 4908 --- [    Test worker] .b.t.a.w.s.WebMvcTestContextBootstrapper : Loaded default TestExecutionListener class names from location [META-INF/spring.factories]: [org.springframework.security.test.context.support.WithSecurityContextTestExecutionListener, org.springframework.security.test.context.support.ReactorContextTestExecutionListener, org.springframework.boot.test.autoconfigure.restdocs.RestDocsTestExecutionListener, org.springframework.boot.test.autoconfigure.web.client.MockRestServiceServerResetTestExecutionListener, org.springframework.boot.test.autoconfigure.web.servlet.MockMvcPrintOnlyOnFailureTestExecutionListener, org.springframework.boot.test.autoconfigure.web.servlet.WebDriverTestExecutionListener, org.springframework.boot.test.mock.mockito.MockitoTestExecutionListener, org.springframework.boot.test.mock.mockito.ResetMocksTestExecutionListener, org.springframework.test.context.web.ServletTestExecutionListener, org.springframework.test.context.support.DirtiesContextBeforeModesTestExecutionListener, org.springframework.test.context.support.DependencyInjectionTestExecutionListener, org.springframework.test.context.support.DirtiesContextTestExecutionListener, org.springframework.test.context.transaction.TransactionalTestExecutionListener, org.springframework.test.context.jdbc.SqlScriptsTestExecutionListener]
2020-10-22 12:48:00.806  INFO 4908 --- [    Test worker] .b.t.a.w.s.WebMvcTestContextBootstrapper : Using TestExecutionListeners: [org.springframework.test.context.web.ServletTestExecutionListener@23b3236d, org.springframework.test.context.support.DirtiesContextBeforeModesTestExecutionListener@2c2f0975, org.springframework.boot.test.mock.mockito.MockitoTestExecutionListener@12bae101, org.springframework.boot.test.autoconfigure.SpringBootDependencyInjectionTestExecutionListener@29d5635c, org.springframework.test.context.support.DirtiesContextTestExecutionListener@13c78540, org.springframework.test.context.transaction.TransactionalTestExecutionListener@47f752ec, org.springframework.test.context.jdbc.SqlScriptsTestExecutionListener@20011fa, org.springframework.security.test.context.support.WithSecurityContextTestExecutionListener@4d4d65, org.springframework.security.test.context.support.ReactorContextTestExecutionListener@2f0f25a9, org.springframework.boot.test.autoconfigure.restdocs.RestDocsTestExecutionListener@52126296, org.springframework.boot.test.autoconfigure.web.client.MockRestServiceServerResetTestExecutionListener@501f36ef, org.springframework.boot.test.autoconfigure.web.servlet.MockMvcPrintOnlyOnFailureTestExecutionListener@3a537fec, org.springframework.boot.test.autoconfigure.web.servlet.WebDriverTestExecutionListener@6ca73762, org.springframework.boot.test.mock.mockito.ResetMocksTestExecutionListener@2de0feb2]

  .   ____          _            __ _ _
 /\\ / ___'_ __ _ _(_)_ __  __ _ \ \ \ \
( ( )\___ | '_ | '_| | '_ \/ _` | \ \ \ \
 \\/  ___)| |_)| | | | | || (_| |  ) ) ) )
  '  |____| .__|_| |_|_| |_\__, | / / / /
 =========|_|==============|___/=/_/_/_/
 :: Spring Boot ::        (v2.1.7.RELEASE)

2020-10-22 12:48:00.885  INFO 4908 --- [    Test worker] c.q.springboot.web.HelloControllerTest   : Starting HelloControllerTest on DESKTOP-HL4FOSF with PID 4908 (started by rbdnj in C:\Spring)
2020-10-22 12:48:00.892  INFO 4908 --- [    Test worker] c.q.springboot.web.HelloControllerTest   : No active profile set, falling back to default profiles: default
2020-10-22 12:48:01.487  INFO 4908 --- [    Test worker] o.s.s.concurrent.ThreadPoolTaskExecutor  : Initializing ExecutorService 'applicationTaskExecutor'
2020-10-22 12:48:01.552  INFO 4908 --- [    Test worker] o.s.b.a.w.s.WelcomePageHandlerMapping    : Adding welcome page template: index
2020-10-22 12:48:01.915  INFO 4908 --- [    Test worker] .s.s.UserDetailsServiceAutoConfiguration : 

Using generated security password: 1bccf50b-229a-4a3a-97ec-0329761d1a3d

2020-10-22 12:48:02.147  INFO 4908 --- [    Test worker] o.s.s.web.DefaultSecurityFilterChain     : Creating filter chain: any request, [org.springframework.security.web.context.request.async.WebAsyncManagerIntegrationFilter@5a9e3b59, org.springframework.security.web.context.SecurityContextPersistenceFilter@199711ed, org.springframework.security.web.header.HeaderWriterFilter@240a4a0e, org.springframework.security.web.csrf.CsrfFilter@48827569, org.springframework.security.web.authentication.logout.LogoutFilter@1c685804, org.springframework.security.web.authentication.UsernamePasswordAuthenticationFilter@c853209, org.springframework.security.web.authentication.ui.DefaultLoginPageGeneratingFilter@288a8795, org.springframework.security.web.authentication.ui.DefaultLogoutPageGeneratingFilter@6b48b06c, org.springframework.security.web.authentication.www.BasicAuthenticationFilter@4bab8d31, org.springframework.security.web.savedrequest.RequestCacheAwareFilter@6335c53d, org.springframework.security.web.servletapi.SecurityContextHolderAwareRequestFilter@1599b96f, org.springframework.security.web.authentication.AnonymousAuthenticationFilter@7c1d6a31, org.springframework.security.web.session.SessionManagementFilter@7ff84adb, org.springframework.security.web.access.ExceptionTranslationFilter@4567f7fd, org.springframework.security.web.access.intercept.FilterSecurityInterceptor@7a405428]
2020-10-22 12:48:02.190  INFO 4908 --- [    Test worker] o.s.b.t.m.w.SpringBootMockServletContext : Initializing Spring TestDispatcherServlet ''
2020-10-22 12:48:02.191  INFO 4908 --- [    Test worker] o.s.t.web.servlet.TestDispatcherServlet  : Initializing Servlet ''
2020-10-22 12:48:02.209  INFO 4908 --- [    Test worker] o.s.t.web.servlet.TestDispatcherServlet  : Completed initialization in 18 ms
2020-10-22 12:48:02.256  INFO 4908 --- [    Test worker] c.q.springboot.web.HelloControllerTest   : Started HelloControllerTest in 1.444 seconds (JVM running for 19.227)
]]></system-out>
  <system-err><![CDATA[]]></system-err>
</testsuite>
