<?xml version="1.0" encoding="UTF-8"?>
<testsuite name="com.qwon.springboot.domain.posts.PostsRepositoryTest" tests="2" skipped="0" failures="0" errors="0" timestamp="2020-10-22T03:48:00" hostname="DESKTOP-HL4FOSF" time="0.376">
  <properties/>
  <testcase name="게시글저장_불러오기" classname="com.qwon.springboot.domain.posts.PostsRepositoryTest" time="0.351"/>
  <testcase name="BaseTimeEntity_등록" classname="com.qwon.springboot.domain.posts.PostsRepositoryTest" time="0.024"/>
  <system-out><![CDATA[12:47:46.582 [Test worker] DEBUG org.springframework.test.context.junit4.SpringJUnit4ClassRunner - SpringJUnit4ClassRunner constructor called with [class com.qwon.springboot.domain.posts.PostsRepositoryTest]
12:47:46.607 [Test worker] DEBUG org.springframework.test.context.BootstrapUtils - Instantiating CacheAwareContextLoaderDelegate from class [org.springframework.test.context.cache.DefaultCacheAwareContextLoaderDelegate]
12:47:46.631 [Test worker] DEBUG org.springframework.test.context.BootstrapUtils - Instantiating BootstrapContext using constructor [public org.springframework.test.context.support.DefaultBootstrapContext(java.lang.Class,org.springframework.test.context.CacheAwareContextLoaderDelegate)]
12:47:46.690 [Test worker] DEBUG org.springframework.test.context.BootstrapUtils - Instantiating TestContextBootstrapper for test class [com.qwon.springboot.domain.posts.PostsRepositoryTest] from class [org.springframework.boot.test.context.SpringBootTestContextBootstrapper]
12:47:46.713 [Test worker] INFO org.springframework.boot.test.context.SpringBootTestContextBootstrapper - Neither @ContextConfiguration nor @ContextHierarchy found for test class [com.qwon.springboot.domain.posts.PostsRepositoryTest], using SpringBootContextLoader
12:47:46.722 [Test worker] DEBUG org.springframework.test.context.support.AbstractContextLoader - Did not detect default resource location for test class [com.qwon.springboot.domain.posts.PostsRepositoryTest]: class path resource [com/qwon/springboot/domain/posts/PostsRepositoryTest-context.xml] does not exist
12:47:46.723 [Test worker] DEBUG org.springframework.test.context.support.AbstractContextLoader - Did not detect default resource location for test class [com.qwon.springboot.domain.posts.PostsRepositoryTest]: class path resource [com/qwon/springboot/domain/posts/PostsRepositoryTestContext.groovy] does not exist
12:47:46.726 [Test worker] INFO org.springframework.test.context.support.AbstractContextLoader - Could not detect default resource locations for test class [com.qwon.springboot.domain.posts.PostsRepositoryTest]: no resource found for suffixes {-context.xml, Context.groovy}.
12:47:46.728 [Test worker] INFO org.springframework.test.context.support.AnnotationConfigContextLoaderUtils - Could not detect default configuration classes for test class [com.qwon.springboot.domain.posts.PostsRepositoryTest]: PostsRepositoryTest does not declare any static, non-private, non-final, nested classes annotated with @Configuration.
12:47:46.850 [Test worker] DEBUG org.springframework.test.context.support.ActiveProfilesUtils - Could not find an 'annotation declaring class' for annotation type [org.springframework.test.context.ActiveProfiles] and class [com.qwon.springboot.domain.posts.PostsRepositoryTest]
12:47:47.125 [Test worker] DEBUG org.springframework.context.annotation.ClassPathScanningCandidateComponentProvider - Identified candidate component class: file [C:\Spring\build\classes\java\main\com\qwon\springboot\Application.class]
12:47:47.128 [Test worker] INFO org.springframework.boot.test.context.SpringBootTestContextBootstrapper - Found @SpringBootConfiguration com.qwon.springboot.Application for test class com.qwon.springboot.domain.posts.PostsRepositoryTest
12:47:47.440 [Test worker] DEBUG org.springframework.boot.test.context.SpringBootTestContextBootstrapper - @TestExecutionListeners is not present for class [com.qwon.springboot.domain.posts.PostsRepositoryTest]: using defaults.
12:47:47.442 [Test worker] INFO org.springframework.boot.test.context.SpringBootTestContextBootstrapper - Loaded default TestExecutionListener class names from location [META-INF/spring.factories]: [org.springframework.security.test.context.support.WithSecurityContextTestExecutionListener, org.springframework.security.test.context.support.ReactorContextTestExecutionListener, org.springframework.boot.test.autoconfigure.restdocs.RestDocsTestExecutionListener, org.springframework.boot.test.autoconfigure.web.client.MockRestServiceServerResetTestExecutionListener, org.springframework.boot.test.autoconfigure.web.servlet.MockMvcPrintOnlyOnFailureTestExecutionListener, org.springframework.boot.test.autoconfigure.web.servlet.WebDriverTestExecutionListener, org.springframework.boot.test.mock.mockito.MockitoTestExecutionListener, org.springframework.boot.test.mock.mockito.ResetMocksTestExecutionListener, org.springframework.test.context.web.ServletTestExecutionListener, org.springframework.test.context.support.DirtiesContextBeforeModesTestExecutionListener, org.springframework.test.context.support.DependencyInjectionTestExecutionListener, org.springframework.test.context.support.DirtiesContextTestExecutionListener, org.springframework.test.context.transaction.TransactionalTestExecutionListener, org.springframework.test.context.jdbc.SqlScriptsTestExecutionListener]
12:47:47.540 [Test worker] INFO org.springframework.boot.test.context.SpringBootTestContextBootstrapper - Using TestExecutionListeners: [org.springframework.test.context.web.ServletTestExecutionListener@16979d1c, org.springframework.test.context.support.DirtiesContextBeforeModesTestExecutionListener@59fe565a, org.springframework.boot.test.mock.mockito.MockitoTestExecutionListener@626bf46c, org.springframework.boot.test.autoconfigure.SpringBootDependencyInjectionTestExecutionListener@4752752f, org.springframework.test.context.support.DirtiesContextTestExecutionListener@6d877fa4, org.springframework.test.context.transaction.TransactionalTestExecutionListener@46e0a8c8, org.springframework.test.context.jdbc.SqlScriptsTestExecutionListener@7b95ecec, org.springframework.security.test.context.support.WithSecurityContextTestExecutionListener@2fba15bc, org.springframework.security.test.context.support.ReactorContextTestExecutionListener@791625b0, org.springframework.boot.test.autoconfigure.restdocs.RestDocsTestExecutionListener@3a7364b2, org.springframework.boot.test.autoconfigure.web.client.MockRestServiceServerResetTestExecutionListener@6e550d9c, org.springframework.boot.test.autoconfigure.web.servlet.MockMvcPrintOnlyOnFailureTestExecutionListener@113de21f, org.springframework.boot.test.autoconfigure.web.servlet.WebDriverTestExecutionListener@59ce7e2d, org.springframework.boot.test.mock.mockito.ResetMocksTestExecutionListener@78b9c752]
12:47:47.545 [Test worker] DEBUG org.springframework.test.annotation.ProfileValueUtils - Retrieved @ProfileValueSourceConfiguration [null] for test class [com.qwon.springboot.domain.posts.PostsRepositoryTest]
12:47:47.548 [Test worker] DEBUG org.springframework.test.annotation.ProfileValueUtils - Retrieved ProfileValueSource type [class org.springframework.test.annotation.SystemProfileValueSource] for class [com.qwon.springboot.domain.posts.PostsRepositoryTest]
12:47:47.552 [Test worker] DEBUG org.springframework.test.annotation.ProfileValueUtils - Retrieved @ProfileValueSourceConfiguration [null] for test class [com.qwon.springboot.domain.posts.PostsRepositoryTest]
12:47:47.555 [Test worker] DEBUG org.springframework.test.annotation.ProfileValueUtils - Retrieved ProfileValueSource type [class org.springframework.test.annotation.SystemProfileValueSource] for class [com.qwon.springboot.domain.posts.PostsRepositoryTest]
12:47:47.572 [Test worker] DEBUG org.springframework.test.context.support.AbstractDirtiesContextTestExecutionListener - Before test class: context [DefaultTestContext@560c9246 testClass = PostsRepositoryTest, testInstance = [null], testMethod = [null], testException = [null], mergedContextConfiguration = [WebMergedContextConfiguration@67fec41b testClass = PostsRepositoryTest, locations = '{}', classes = '{class com.qwon.springboot.Application}', contextInitializerClasses = '[]', activeProfiles = '{}', propertySourceLocations = '{}', propertySourceProperties = '{org.springframework.boot.test.context.SpringBootTestContextBootstrapper=true}', contextCustomizers = set[org.springframework.boot.test.autoconfigure.properties.PropertyMappingContextCustomizer@0, org.springframework.boot.test.autoconfigure.web.servlet.WebDriverContextCustomizerFactory$Customizer@267afcec, org.springframework.boot.test.context.filter.ExcludeFilterContextCustomizer@143b6a2f, org.springframework.boot.test.json.DuplicateJsonObjectContextCustomizerFactory$DuplicateJsonObjectContextCustomizer@605c1fb5, org.springframework.boot.test.mock.mockito.MockitoContextCustomizer@0, org.springframework.boot.test.web.client.TestRestTemplateContextCustomizer@4d8bbe94], resourceBasePath = 'src/main/webapp', contextLoader = 'org.springframework.boot.test.context.SpringBootContextLoader', parent = [null]], attributes = map['org.springframework.test.context.web.ServletTestExecutionListener.activateListener' -> true]], class annotated with @DirtiesContext [false] with mode [null].
12:47:47.575 [Test worker] DEBUG org.springframework.test.annotation.ProfileValueUtils - Retrieved @ProfileValueSourceConfiguration [null] for test class [com.qwon.springboot.domain.posts.PostsRepositoryTest]
12:47:47.576 [Test worker] DEBUG org.springframework.test.annotation.ProfileValueUtils - Retrieved ProfileValueSource type [class org.springframework.test.annotation.SystemProfileValueSource] for class [com.qwon.springboot.domain.posts.PostsRepositoryTest]
12:47:47.620 [Test worker] DEBUG org.springframework.test.context.support.TestPropertySourceUtils - Adding inlined properties to environment: {spring.jmx.enabled=false, org.springframework.boot.test.context.SpringBootTestContextBootstrapper=true, server.port=-1}

  .   ____          _            __ _ _
 /\\ / ___'_ __ _ _(_)_ __  __ _ \ \ \ \
( ( )\___ | '_ | '_| | '_ \/ _` | \ \ \ \
 \\/  ___)| |_)| | | | | || (_| |  ) ) ) )
  '  |____| .__|_| |_|_| |_\__, | / / / /
 =========|_|==============|___/=/_/_/_/
 :: Spring Boot ::        (v2.1.7.RELEASE)

2020-10-22 12:47:48.543  INFO 4908 --- [    Test worker] c.q.s.domain.posts.PostsRepositoryTest   : Starting PostsRepositoryTest on DESKTOP-HL4FOSF with PID 4908 (started by rbdnj in C:\Spring)
2020-10-22 12:47:48.546  INFO 4908 --- [    Test worker] c.q.s.domain.posts.PostsRepositoryTest   : No active profile set, falling back to default profiles: default
2020-10-22 12:47:52.074  INFO 4908 --- [    Test worker] .s.d.r.c.RepositoryConfigurationDelegate : Bootstrapping Spring Data repositories in DEFAULT mode.
2020-10-22 12:47:52.224  INFO 4908 --- [    Test worker] .s.d.r.c.RepositoryConfigurationDelegate : Finished Spring Data repository scanning in 132ms. Found 2 repository interfaces.
2020-10-22 12:47:53.413  INFO 4908 --- [    Test worker] trationDelegate$BeanPostProcessorChecker : Bean 'org.springframework.transaction.annotation.ProxyTransactionManagementConfiguration' of type [org.springframework.transaction.annotation.ProxyTransactionManagementConfiguration$$EnhancerBySpringCGLIB$$aa96c7c7] is not eligible for getting processed by all BeanPostProcessors (for example: not eligible for auto-proxying)
2020-10-22 12:47:53.967  INFO 4908 --- [    Test worker] com.zaxxer.hikari.HikariDataSource       : HikariPool-1 - Starting...
2020-10-22 12:47:54.175  INFO 4908 --- [    Test worker] com.zaxxer.hikari.HikariDataSource       : HikariPool-1 - Start completed.
2020-10-22 12:47:54.316  INFO 4908 --- [    Test worker] o.hibernate.jpa.internal.util.LogHelper  : HHH000204: Processing PersistenceUnitInfo [
	name: default
	...]
2020-10-22 12:47:54.446  INFO 4908 --- [    Test worker] org.hibernate.Version                    : HHH000412: Hibernate Core {5.3.10.Final}
2020-10-22 12:47:54.449  INFO 4908 --- [    Test worker] org.hibernate.cfg.Environment            : HHH000206: hibernate.properties not found
2020-10-22 12:47:54.700  INFO 4908 --- [    Test worker] o.hibernate.annotations.common.Version   : HCANN000001: Hibernate Commons Annotations {5.0.4.Final}
2020-10-22 12:47:54.977  INFO 4908 --- [    Test worker] org.hibernate.dialect.Dialect            : HHH000400: Using dialect: org.hibernate.dialect.MySQL5InnoDBDialect
Hibernate: drop table if exists posts
Hibernate: drop table if exists user
Hibernate: create table posts (id bigint not null auto_increment, created_date datetime, modified_date datetime, author varchar(255), content TEXT not null, title varchar(500) not null, primary key (id)) engine=InnoDB
Hibernate: create table user (id bigint not null auto_increment, created_date datetime, modified_date datetime, email varchar(255) not null, name varchar(255) not null, picture varchar(255), role varchar(255) not null, primary key (id)) engine=InnoDB
2020-10-22 12:47:56.080  INFO 4908 --- [    Test worker] o.h.t.schema.internal.SchemaCreatorImpl  : HHH000476: Executing import script 'org.hibernate.tool.schema.internal.exec.ScriptSourceInputNonExistentImpl@286bf6da'
2020-10-22 12:47:56.086  INFO 4908 --- [    Test worker] j.LocalContainerEntityManagerFactoryBean : Initialized JPA EntityManagerFactory for persistence unit 'default'
2020-10-22 12:47:57.311  INFO 4908 --- [    Test worker] o.h.h.i.QueryTranslatorFactoryInitiator  : HHH000397: Using ASTQueryTranslatorFactory
2020-10-22 12:47:58.372  INFO 4908 --- [    Test worker] o.s.s.web.DefaultSecurityFilterChain     : Creating filter chain: any request, [org.springframework.security.web.context.request.async.WebAsyncManagerIntegrationFilter@3fcd18b9, org.springframework.security.web.context.SecurityContextPersistenceFilter@1126dad1, org.springframework.security.web.header.HeaderWriterFilter@376da8f9, org.springframework.security.web.authentication.logout.LogoutFilter@62334f3a, org.springframework.security.oauth2.client.web.OAuth2AuthorizationRequestRedirectFilter@3744b3ff, org.springframework.security.oauth2.client.web.OAuth2LoginAuthenticationFilter@1853540d, org.springframework.security.web.authentication.ui.DefaultLoginPageGeneratingFilter@5121d893, org.springframework.security.web.authentication.ui.DefaultLogoutPageGeneratingFilter@6b34456, org.springframework.security.web.savedrequest.RequestCacheAwareFilter@50acd880, org.springframework.security.web.servletapi.SecurityContextHolderAwareRequestFilter@62dff9e5, org.springframework.security.web.authentication.AnonymousAuthenticationFilter@2d1fd074, org.springframework.security.web.session.SessionManagementFilter@22c0ddb5, org.springframework.security.web.access.ExceptionTranslationFilter@57dec54d, org.springframework.security.web.access.intercept.FilterSecurityInterceptor@7444d932]
2020-10-22 12:47:59.235  INFO 4908 --- [    Test worker] o.s.s.concurrent.ThreadPoolTaskExecutor  : Initializing ExecutorService 'applicationTaskExecutor'
2020-10-22 12:47:59.336  WARN 4908 --- [    Test worker] aWebConfiguration$JpaWebMvcConfiguration : spring.jpa.open-in-view is enabled by default. Therefore, database queries may be performed during view rendering. Explicitly configure spring.jpa.open-in-view to disable this warning
2020-10-22 12:47:59.410  INFO 4908 --- [    Test worker] o.s.b.a.w.s.WelcomePageHandlerMapping    : Adding welcome page template: index
2020-10-22 12:48:00.262  INFO 4908 --- [    Test worker] s.a.ScheduledAnnotationBeanPostProcessor : No TaskScheduler/ScheduledExecutorService bean found for scheduled processing
2020-10-22 12:48:00.278  INFO 4908 --- [    Test worker] c.q.s.domain.posts.PostsRepositoryTest   : Started PostsRepositoryTest in 12.642 seconds (JVM running for 17.249)
Hibernate: insert into posts (created_date, modified_date, author, content, title) values (?, ?, ?, ?, ?)
Hibernate: select posts0_.id as id1_0_, posts0_.created_date as created_2_0_, posts0_.modified_date as modified3_0_, posts0_.author as author4_0_, posts0_.content as content5_0_, posts0_.title as title6_0_ from posts posts0_
Hibernate: select posts0_.id as id1_0_, posts0_.created_date as created_2_0_, posts0_.modified_date as modified3_0_, posts0_.author as author4_0_, posts0_.content as content5_0_, posts0_.title as title6_0_ from posts posts0_
Hibernate: delete from posts where id=?
Hibernate: insert into posts (created_date, modified_date, author, content, title) values (?, ?, ?, ?, ?)
Hibernate: select posts0_.id as id1_0_, posts0_.created_date as created_2_0_, posts0_.modified_date as modified3_0_, posts0_.author as author4_0_, posts0_.content as content5_0_, posts0_.title as title6_0_ from posts posts0_
>>>>>>>>>> createDate=2020-10-22T12:48:00.665,modifiedDate=2020-10-22T12:48:00.665
Hibernate: select posts0_.id as id1_0_, posts0_.created_date as created_2_0_, posts0_.modified_date as modified3_0_, posts0_.author as author4_0_, posts0_.content as content5_0_, posts0_.title as title6_0_ from posts posts0_
Hibernate: delete from posts where id=?
]]></system-out>
  <system-err><![CDATA[]]></system-err>
</testsuite>
