<?xml version="1.0" encoding="UTF-8"?>
<testsuite name="com.qwon.springboot.web.PostsApiControllerTest" tests="2" skipped="0" failures="0" errors="0" timestamp="2020-10-23T04:08:28" hostname="DESKTOP-HL4FOSF" time="0.27">
  <properties/>
  <testcase name="Posts_등록된다" classname="com.qwon.springboot.web.PostsApiControllerTest" time="0.184"/>
  <testcase name="Posts_수정된다" classname="com.qwon.springboot.web.PostsApiControllerTest" time="0.083"/>
  <system-out><![CDATA[2020-10-23 13:08:28.590  INFO 16812 --- [    Test worker] .b.t.c.SpringBootTestContextBootstrapper : Neither @ContextConfiguration nor @ContextHierarchy found for test class [com.qwon.springboot.web.PostsApiControllerTest], using SpringBootContextLoader
2020-10-23 13:08:28.592  INFO 16812 --- [    Test worker] o.s.t.c.support.AbstractContextLoader    : Could not detect default resource locations for test class [com.qwon.springboot.web.PostsApiControllerTest]: no resource found for suffixes {-context.xml, Context.groovy}.
2020-10-23 13:08:28.592  INFO 16812 --- [    Test worker] t.c.s.AnnotationConfigContextLoaderUtils : Could not detect default configuration classes for test class [com.qwon.springboot.web.PostsApiControllerTest]: PostsApiControllerTest does not declare any static, non-private, non-final, nested classes annotated with @Configuration.
2020-10-23 13:08:28.594  INFO 16812 --- [    Test worker] .b.t.c.SpringBootTestContextBootstrapper : Found @SpringBootConfiguration com.qwon.springboot.Application for test class com.qwon.springboot.web.PostsApiControllerTest
2020-10-23 13:08:28.596  INFO 16812 --- [    Test worker] .b.t.c.SpringBootTestContextBootstrapper : Loaded default TestExecutionListener class names from location [META-INF/spring.factories]: [org.springframework.security.test.context.support.WithSecurityContextTestExecutionListener, org.springframework.security.test.context.support.ReactorContextTestExecutionListener, org.springframework.boot.test.autoconfigure.restdocs.RestDocsTestExecutionListener, org.springframework.boot.test.autoconfigure.web.client.MockRestServiceServerResetTestExecutionListener, org.springframework.boot.test.autoconfigure.web.servlet.MockMvcPrintOnlyOnFailureTestExecutionListener, org.springframework.boot.test.autoconfigure.web.servlet.WebDriverTestExecutionListener, org.springframework.boot.test.mock.mockito.MockitoTestExecutionListener, org.springframework.boot.test.mock.mockito.ResetMocksTestExecutionListener, org.springframework.test.context.web.ServletTestExecutionListener, org.springframework.test.context.support.DirtiesContextBeforeModesTestExecutionListener, org.springframework.test.context.support.DependencyInjectionTestExecutionListener, org.springframework.test.context.support.DirtiesContextTestExecutionListener, org.springframework.test.context.transaction.TransactionalTestExecutionListener, org.springframework.test.context.jdbc.SqlScriptsTestExecutionListener]
2020-10-23 13:08:28.597  INFO 16812 --- [    Test worker] .b.t.c.SpringBootTestContextBootstrapper : Using TestExecutionListeners: [org.springframework.test.context.web.ServletTestExecutionListener@627c5e41, org.springframework.test.context.support.DirtiesContextBeforeModesTestExecutionListener@5e07e8ba, org.springframework.boot.test.mock.mockito.MockitoTestExecutionListener@67c59dd1, org.springframework.boot.test.autoconfigure.SpringBootDependencyInjectionTestExecutionListener@556cc228, org.springframework.test.context.support.DirtiesContextTestExecutionListener@55621092, org.springframework.test.context.transaction.TransactionalTestExecutionListener@344170bc, org.springframework.test.context.jdbc.SqlScriptsTestExecutionListener@7f2158f0, org.springframework.security.test.context.support.WithSecurityContextTestExecutionListener@4c6fb8be, org.springframework.security.test.context.support.ReactorContextTestExecutionListener@94cc721, org.springframework.boot.test.autoconfigure.restdocs.RestDocsTestExecutionListener@36379224, org.springframework.boot.test.autoconfigure.web.client.MockRestServiceServerResetTestExecutionListener@4324baca, org.springframework.boot.test.autoconfigure.web.servlet.MockMvcPrintOnlyOnFailureTestExecutionListener@723f5058, org.springframework.boot.test.autoconfigure.web.servlet.WebDriverTestExecutionListener@1d25f4f1, org.springframework.boot.test.mock.mockito.ResetMocksTestExecutionListener@1789f3c3]
2020-10-23 13:08:28.616  INFO 16812 --- [    Test worker] o.a.c.c.C.[Tomcat].[localhost].[/]       : Initializing Spring TestDispatcherServlet ''
2020-10-23 13:08:28.616  INFO 16812 --- [    Test worker] o.s.t.web.servlet.TestDispatcherServlet  : Initializing Servlet ''
2020-10-23 13:08:28.619  INFO 16812 --- [    Test worker] o.s.t.web.servlet.TestDispatcherServlet  : Completed initialization in 3 ms
Hibernate: insert into posts (created_date, modified_date, author, content, title) values (?, ?, ?, ?, ?)
Hibernate: select posts0_.id as id1_0_, posts0_.created_date as created_2_0_, posts0_.modified_date as modified3_0_, posts0_.author as author4_0_, posts0_.content as content5_0_, posts0_.title as title6_0_ from posts posts0_
Hibernate: select posts0_.id as id1_0_, posts0_.created_date as created_2_0_, posts0_.modified_date as modified3_0_, posts0_.author as author4_0_, posts0_.content as content5_0_, posts0_.title as title6_0_ from posts posts0_
Hibernate: delete from posts where id=?
2020-10-23 13:08:28.796  INFO 16812 --- [    Test worker] o.a.c.c.C.[Tomcat].[localhost].[/]       : Initializing Spring TestDispatcherServlet ''
2020-10-23 13:08:28.797  INFO 16812 --- [    Test worker] o.s.t.web.servlet.TestDispatcherServlet  : Initializing Servlet ''
2020-10-23 13:08:28.802  INFO 16812 --- [    Test worker] o.s.t.web.servlet.TestDispatcherServlet  : Completed initialization in 4 ms
Hibernate: insert into posts (created_date, modified_date, author, content, title) values (?, ?, ?, ?, ?)
Hibernate: select posts0_.id as id1_0_0_, posts0_.created_date as created_2_0_0_, posts0_.modified_date as modified3_0_0_, posts0_.author as author4_0_0_, posts0_.content as content5_0_0_, posts0_.title as title6_0_0_ from posts posts0_ where posts0_.id=?
Hibernate: update posts set created_date=?, modified_date=?, author=?, content=?, title=? where id=?
Hibernate: select posts0_.id as id1_0_, posts0_.created_date as created_2_0_, posts0_.modified_date as modified3_0_, posts0_.author as author4_0_, posts0_.content as content5_0_, posts0_.title as title6_0_ from posts posts0_
Hibernate: select posts0_.id as id1_0_, posts0_.created_date as created_2_0_, posts0_.modified_date as modified3_0_, posts0_.author as author4_0_, posts0_.content as content5_0_, posts0_.title as title6_0_ from posts posts0_
Hibernate: delete from posts where id=?
]]></system-out>
  <system-err><![CDATA[]]></system-err>
</testsuite>
