<?xml version="1.0" encoding="UTF-8"?>
<testsuite name="com.qwon.springboot.web.dto.HelloResponseDtoTest" tests="1" skipped="0" failures="0" errors="0" timestamp="2020-10-24T02:57:49" hostname="DESKTOP-HL4FOSF" time="0.013">
  <properties/>
  <testcase name="롬복_기능_테스트" classname="com.qwon.springboot.web.dto.HelloResponseDtoTest" time="0.013"/>
  <system-out><![CDATA[]]></system-out>
  <system-err><![CDATA[]]></system-err>
</testsuite>
