<?xml version="1.0" encoding="UTF-8"?>
<testsuite name="com.qwon.springboot.web.IndexControllerTest" tests="1" skipped="0" failures="0" errors="0" timestamp="2020-10-24T02:57:55" hostname="DESKTOP-HL4FOSF" time="0.277">
  <properties/>
  <testcase name="메인페이지_로딩" classname="com.qwon.springboot.web.IndexControllerTest" time="0.277"/>
  <system-out><![CDATA[2020-10-24 11:57:51.637  INFO 15692 --- [    Test worker] .b.t.c.SpringBootTestContextBootstrapper : Neither @ContextConfiguration nor @ContextHierarchy found for test class [com.qwon.springboot.web.IndexControllerTest], using SpringBootContextLoader
2020-10-24 11:57:51.638  INFO 15692 --- [    Test worker] o.s.t.c.support.AbstractContextLoader    : Could not detect default resource locations for test class [com.qwon.springboot.web.IndexControllerTest]: no resource found for suffixes {-context.xml, Context.groovy}.
2020-10-24 11:57:51.639  INFO 15692 --- [    Test worker] t.c.s.AnnotationConfigContextLoaderUtils : Could not detect default configuration classes for test class [com.qwon.springboot.web.IndexControllerTest]: IndexControllerTest does not declare any static, non-private, non-final, nested classes annotated with @Configuration.
2020-10-24 11:57:51.641  INFO 15692 --- [    Test worker] .b.t.c.SpringBootTestContextBootstrapper : Found @SpringBootConfiguration com.qwon.springboot.Application for test class com.qwon.springboot.web.IndexControllerTest
2020-10-24 11:57:51.643  INFO 15692 --- [    Test worker] .b.t.c.SpringBootTestContextBootstrapper : Loaded default TestExecutionListener class names from location [META-INF/spring.factories]: [org.springframework.security.test.context.support.WithSecurityContextTestExecutionListener, org.springframework.security.test.context.support.ReactorContextTestExecutionListener, org.springframework.boot.test.autoconfigure.restdocs.RestDocsTestExecutionListener, org.springframework.boot.test.autoconfigure.web.client.MockRestServiceServerResetTestExecutionListener, org.springframework.boot.test.autoconfigure.web.servlet.MockMvcPrintOnlyOnFailureTestExecutionListener, org.springframework.boot.test.autoconfigure.web.servlet.WebDriverTestExecutionListener, org.springframework.boot.test.mock.mockito.MockitoTestExecutionListener, org.springframework.boot.test.mock.mockito.ResetMocksTestExecutionListener, org.springframework.test.context.web.ServletTestExecutionListener, org.springframework.test.context.support.DirtiesContextBeforeModesTestExecutionListener, org.springframework.test.context.support.DependencyInjectionTestExecutionListener, org.springframework.test.context.support.DirtiesContextTestExecutionListener, org.springframework.test.context.transaction.TransactionalTestExecutionListener, org.springframework.test.context.jdbc.SqlScriptsTestExecutionListener]
2020-10-24 11:57:51.644  INFO 15692 --- [    Test worker] .b.t.c.SpringBootTestContextBootstrapper : Using TestExecutionListeners: [org.springframework.test.context.web.ServletTestExecutionListener@1e36a62, org.springframework.test.context.support.DirtiesContextBeforeModesTestExecutionListener@4d46bbdc, org.springframework.boot.test.mock.mockito.MockitoTestExecutionListener@44782d04, org.springframework.boot.test.autoconfigure.SpringBootDependencyInjectionTestExecutionListener@6023af8b, org.springframework.test.context.support.DirtiesContextTestExecutionListener@7a097997, org.springframework.test.context.transaction.TransactionalTestExecutionListener@2e9b551, org.springframework.test.context.jdbc.SqlScriptsTestExecutionListener@77ca805, org.springframework.security.test.context.support.WithSecurityContextTestExecutionListener@7ade1096, org.springframework.security.test.context.support.ReactorContextTestExecutionListener@4b2a1b9b, org.springframework.boot.test.autoconfigure.restdocs.RestDocsTestExecutionListener@4266c92, org.springframework.boot.test.autoconfigure.web.client.MockRestServiceServerResetTestExecutionListener@6678d093, org.springframework.boot.test.autoconfigure.web.servlet.MockMvcPrintOnlyOnFailureTestExecutionListener@6ca8266a, org.springframework.boot.test.autoconfigure.web.servlet.WebDriverTestExecutionListener@77450ea7, org.springframework.boot.test.mock.mockito.ResetMocksTestExecutionListener@4030ae21]

  .   ____          _            __ _ _
 /\\ / ___'_ __ _ _(_)_ __  __ _ \ \ \ \
( ( )\___ | '_ | '_| | '_ \/ _` | \ \ \ \
 \\/  ___)| |_)| | | | | || (_| |  ) ) ) )
  '  |____| .__|_| |_|_| |_\__, | / / / /
 =========|_|==============|___/=/_/_/_/
 :: Spring Boot ::        (v2.1.9.RELEASE)

2020-10-24 11:57:51.766  INFO 15692 --- [    Test worker] c.q.springboot.web.IndexControllerTest   : Starting IndexControllerTest on DESKTOP-HL4FOSF with PID 15692 (started by rbdnj in C:\Spring)
2020-10-24 11:57:51.767  INFO 15692 --- [    Test worker] c.q.springboot.web.IndexControllerTest   : No active profile set, falling back to default profiles: default
2020-10-24 11:57:52.156  INFO 15692 --- [    Test worker] .s.d.r.c.RepositoryConfigurationDelegate : Bootstrapping Spring Data repositories in DEFAULT mode.
2020-10-24 11:57:52.199  INFO 15692 --- [    Test worker] .s.d.r.c.RepositoryConfigurationDelegate : Finished Spring Data repository scanning in 43ms. Found 2 repository interfaces.
2020-10-24 11:57:52.356  INFO 15692 --- [    Test worker] trationDelegate$BeanPostProcessorChecker : Bean 'org.springframework.transaction.annotation.ProxyTransactionManagementConfiguration' of type [org.springframework.transaction.annotation.ProxyTransactionManagementConfiguration$$EnhancerBySpringCGLIB$$135a8673] is not eligible for getting processed by all BeanPostProcessors (for example: not eligible for auto-proxying)
2020-10-24 11:57:52.815  INFO 15692 --- [    Test worker] o.s.b.w.embedded.tomcat.TomcatWebServer  : Tomcat initialized with port(s): 0 (http)
2020-10-24 11:57:52.866  INFO 15692 --- [    Test worker] o.apache.catalina.core.StandardService   : Starting service [Tomcat]
2020-10-24 11:57:52.867  INFO 15692 --- [    Test worker] org.apache.catalina.core.StandardEngine  : Starting Servlet engine: [Apache Tomcat/9.0.26]
2020-10-24 11:57:53.129  INFO 15692 --- [    Test worker] o.a.c.c.C.[Tomcat].[localhost].[/]       : Initializing Spring embedded WebApplicationContext
2020-10-24 11:57:53.129  INFO 15692 --- [    Test worker] o.s.web.context.ContextLoader            : Root WebApplicationContext: initialization completed in 1350 ms
2020-10-24 11:57:53.441  INFO 15692 --- [    Test worker] com.zaxxer.hikari.HikariDataSource       : HikariPool-2 - Starting...
2020-10-24 11:57:53.444  INFO 15692 --- [    Test worker] com.zaxxer.hikari.HikariDataSource       : HikariPool-2 - Start completed.
2020-10-24 11:57:53.510  INFO 15692 --- [    Test worker] o.hibernate.jpa.internal.util.LogHelper  : HHH000204: Processing PersistenceUnitInfo [
	name: default
	...]
2020-10-24 11:57:53.528  INFO 15692 --- [    Test worker] org.hibernate.dialect.Dialect            : HHH000400: Using dialect: org.hibernate.dialect.MySQL5InnoDBDialect
Hibernate: drop table if exists posts
Hibernate: drop table if exists user
Hibernate: create table posts (id bigint not null auto_increment, created_date datetime, modified_date datetime, author varchar(255), content TEXT not null, title varchar(500) not null, primary key (id)) engine=InnoDB
Hibernate: create table user (id bigint not null auto_increment, created_date datetime, modified_date datetime, email varchar(255) not null, name varchar(255) not null, picture varchar(255), role varchar(255) not null, primary key (id)) engine=InnoDB
2020-10-24 11:57:53.616  INFO 15692 --- [    Test worker] o.h.t.schema.internal.SchemaCreatorImpl  : HHH000476: Executing import script 'org.hibernate.tool.schema.internal.exec.ScriptSourceInputNonExistentImpl@1c9ae51a'
2020-10-24 11:57:53.616  INFO 15692 --- [    Test worker] j.LocalContainerEntityManagerFactoryBean : Initialized JPA EntityManagerFactory for persistence unit 'default'
2020-10-24 11:57:54.155  INFO 15692 --- [    Test worker] o.h.h.i.QueryTranslatorFactoryInitiator  : HHH000397: Using ASTQueryTranslatorFactory
2020-10-24 11:57:54.377  INFO 15692 --- [    Test worker] o.s.s.web.DefaultSecurityFilterChain     : Creating filter chain: any request, [org.springframework.security.web.context.request.async.WebAsyncManagerIntegrationFilter@6393e1b5, org.springframework.security.web.context.SecurityContextPersistenceFilter@12c99b24, org.springframework.security.web.header.HeaderWriterFilter@43d2ba29, org.springframework.security.web.authentication.logout.LogoutFilter@14087474, org.springframework.security.oauth2.client.web.OAuth2AuthorizationRequestRedirectFilter@1016f47d, org.springframework.security.oauth2.client.web.OAuth2LoginAuthenticationFilter@23025095, org.springframework.security.web.authentication.ui.DefaultLoginPageGeneratingFilter@4a46c6a3, org.springframework.security.web.authentication.ui.DefaultLogoutPageGeneratingFilter@3c698506, org.springframework.security.web.savedrequest.RequestCacheAwareFilter@6c8068a4, org.springframework.security.web.servletapi.SecurityContextHolderAwareRequestFilter@3a5594ef, org.springframework.security.web.authentication.AnonymousAuthenticationFilter@1b7b3bea, org.springframework.security.web.session.SessionManagementFilter@61522620, org.springframework.security.web.access.ExceptionTranslationFilter@47c73e1f, org.springframework.security.web.access.intercept.FilterSecurityInterceptor@16492d8c]
2020-10-24 11:57:54.684  INFO 15692 --- [    Test worker] o.s.s.concurrent.ThreadPoolTaskExecutor  : Initializing ExecutorService 'applicationTaskExecutor'
2020-10-24 11:57:54.715  WARN 15692 --- [    Test worker] aWebConfiguration$JpaWebMvcConfiguration : spring.jpa.open-in-view is enabled by default. Therefore, database queries may be performed during view rendering. Explicitly configure spring.jpa.open-in-view to disable this warning
2020-10-24 11:57:54.768  INFO 15692 --- [    Test worker] o.s.b.a.w.s.WelcomePageHandlerMapping    : Adding welcome page template: index
2020-10-24 11:57:55.287  INFO 15692 --- [    Test worker] s.a.ScheduledAnnotationBeanPostProcessor : No TaskScheduler/ScheduledExecutorService bean found for scheduled processing
2020-10-24 11:57:55.322  INFO 15692 --- [    Test worker] o.s.b.w.embedded.tomcat.TomcatWebServer  : Tomcat started on port(s): 50435 (http) with context path ''
2020-10-24 11:57:55.324  INFO 15692 --- [    Test worker] c.q.springboot.web.IndexControllerTest   : Started IndexControllerTest in 3.645 seconds (JVM running for 21.187)
2020-10-24 11:57:55.472  INFO 15692 --- [o-auto-1-exec-1] o.a.c.c.C.[Tomcat].[localhost].[/]       : Initializing Spring DispatcherServlet 'dispatcherServlet'
2020-10-24 11:57:55.472  INFO 15692 --- [o-auto-1-exec-1] o.s.web.servlet.DispatcherServlet        : Initializing Servlet 'dispatcherServlet'
2020-10-24 11:57:55.503  INFO 15692 --- [o-auto-1-exec-1] o.s.web.servlet.DispatcherServlet        : Completed initialization in 31 ms
Hibernate: select posts0_.id as id1_0_, posts0_.created_date as created_2_0_, posts0_.modified_date as modified3_0_, posts0_.author as author4_0_, posts0_.content as content5_0_, posts0_.title as title6_0_ from posts posts0_ order by posts0_.id DESC
]]></system-out>
  <system-err><![CDATA[]]></system-err>
</testsuite>
